<?xml version="1.0" encoding="UTF-8"?>
<!-- Generated by org.testng.reporters.JUnitReportReporter -->
<testsuite hostname="DESKTOP-G9DURCR" failures="0" tests="1" name="test.Firsttest" time="17.655" errors="0" timestamp="2024-09-10T15:34:47 IST" skipped="0">
  <testcase classname="test.Firsttest" name="testgermanyiscalling" time="17.655"/>
</testsuite> <!-- test.Firsttest -->
