<?xml version="1.0" encoding="UTF-8"?>
<!-- Generated by org.testng.reporters.JUnitReportReporter -->
<testsuite hostname="DESKTOP-G9DURCR" failures="0" tests="1" name="test.Errormessage" time="17.670" errors="0" timestamp="2024-09-10T17:06:58 IST" skipped="0">
  <testcase classname="test.Errormessage" name="enterwrongpassword" time="17.670"/>
</testsuite> <!-- test.Errormessage -->
