<?xml version="1.0" encoding="UTF-8"?>
<!-- Generated by org.testng.reporters.JUnitReportReporter -->
<testsuite hostname="DESKTOP-G9DURCR" failures="0" tests="1" name="test.Errormessage" time="16.793" errors="0" timestamp="2024-09-10T15:39:20 IST" skipped="0">
  <testcase classname="test.Errormessage" name="enterwrongpassword" time="16.793"/>
</testsuite> <!-- test.Errormessage -->
